<?xml version="1.0" encoding="UTF-8"?>
<!-- Generated by org.testng.reporters.JUnitXMLReporter -->
<testsuite hostname="Vichu-PC" ignored="4" name="Test2" tests="2" failures="0" timestamp="22 Jul 2018 18:33:58 GMT" time="0.024" errors="0">
  <testcase name="f" time="0.002" classname="testNg.TestNG2"/>
  <testcase name="f" time="0.002" classname="testNg.TestNG3"/>
  <testcase name="@AfterSuite afterSuite" time="0.0" classname="testNg.TestNGAnnotations">
    <ignored/>
  </testcase> <!-- @AfterSuite afterSuite -->
  <testcase name="@AfterTest afterTest" time="0.0" classname="testNg.TestNGAnnotations">
    <ignored/>
  </testcase> <!-- @AfterTest afterTest -->
  <testcase name="@BeforeSuite beforeSuite" time="0.0" classname="testNg.TestNGAnnotations">
    <ignored/>
  </testcase> <!-- @BeforeSuite beforeSuite -->
  <testcase name="@BeforeTest beforeTest" time="0.0" classname="testNg.TestNGAnnotations">
    <ignored/>
  </testcase> <!-- @BeforeTest beforeTest -->
</testsuite> <!-- Test2 -->
