<?xml version="1.0" encoding="UTF-8"?>
<!-- Generated by org.testng.reporters.JUnitXMLReporter -->
<testsuite hostname="Vichu-PC" ignored="0" name="Framework" tests="2" failures="1" timestamp="26 May 2018 04:02:29 GMT" time="117.591" errors="0">
  <testcase name="login" time="92.784" classname="week2.day2.testcases.CreateLeadFrameWork"/>
  <testcase name="call" time="115.959" classname="week2.day2.testcases.DuplicateLeadFramework">
    <failure type="java.lang.RuntimeException">
      <![CDATA[java.lang.RuntimeException
at week2.day2.wdMethods.SeMethods.locateElement(SeMethods.java:114)
at week2.day2.testcases.DuplicateLeadFramework.call(DuplicateLeadFramework.java:41)
at java.util.concurrent.ThreadPoolExecutor.runWorker(Unknown Source)
at java.util.concurrent.ThreadPoolExecutor$Worker.run(Unknown Source)
at java.lang.Thread.run(Unknown Source)
... Removed 10 stack frames]]>
    </failure>
  </testcase> <!-- call -->
</testsuite> <!-- Framework -->
