<?xml version="1.0" encoding="UTF-8"?>
<!-- Generated by org.testng.reporters.JUnitXMLReporter -->
<testsuite hostname="Vichu-PC" ignored="1" name="Leads" tests="4" failures="1" timestamp="21 Jul 2018 06:44:39 GMT" time="93.04" errors="0">
  <testcase name="createLead" time="11.671" classname="leaflead.CreateLeadFrameWork"/>
  <testcase name="createLead" time="10.769" classname="leaflead.CreateLeadFrameWork"/>
  <testcase name="callDelete" time="45.286" classname="leaflead.DeleteLeadFrameWork">
    <failure type="java.lang.RuntimeException">
      <![CDATA[java.lang.RuntimeException
at week2.day2.wdMethods.SeMethods.locateElement(SeMethods.java:118)
at leaflead.DeleteLeadFrameWork.callDelete(DeleteLeadFrameWork.java:64)
at java.util.concurrent.ThreadPoolExecutor.runWorker(Unknown Source)
at java.util.concurrent.ThreadPoolExecutor$Worker.run(Unknown Source)
at java.lang.Thread.run(Unknown Source)
... Removed 14 stack frames]]>
    </failure>
  </testcase> <!-- callDelete -->
  <testcase name="duplicateLead" time="13.707" classname="leaflead.DuplicateLeadFramework"/>
  <testcase name="mergeTask" time="0.0" classname="leaflead.MergeLead">
    <ignored/>
  </testcase> <!-- mergeTask -->
</testsuite> <!-- Leads -->
