<?xml version="1.0" encoding="UTF-8"?>
<!-- Generated by org.testng.reporters.JUnitXMLReporter -->
<testsuite hostname="Vichu-PC" ignored="0" name="Modules2" tests="2" failures="1" timestamp="26 May 2018 17:15:06 GMT" time="85.722" errors="0">
  <testcase name="call" time="56.359" classname="week4.day1.DuplicateLeadFramework"/>
  <testcase name="doMerge" time="85.671" classname="week4.day1.MergeLeadFrameWork">
    <failure type="java.lang.RuntimeException">
      <![CDATA[java.lang.RuntimeException
at week2.day2.wdMethods.SeMethods.locateElement(SeMethods.java:114)
at week4.day1.MergeLeadFrameWork.doMerge(MergeLeadFrameWork.java:45)
at java.util.concurrent.ThreadPoolExecutor.runWorker(Unknown Source)
at java.util.concurrent.ThreadPoolExecutor$Worker.run(Unknown Source)
at java.lang.Thread.run(Unknown Source)
... Removed 10 stack frames]]>
    </failure>
  </testcase> <!-- doMerge -->
</testsuite> <!-- Modules2 -->
