<?xml version="1.0" encoding="UTF-8"?>
<!-- Generated by org.testng.reporters.JUnitXMLReporter -->
<testsuite hostname="Vichu-PC" ignored="0" name="Modules1" tests="3" failures="1" timestamp="26 May 2018 17:13:40 GMT" time="155.293" errors="0">
  <testcase name="doLogin" time="64.07" classname="week4.day1.CreateLeadFrameWork"/>
  <testcase name="doLogin" time="33.028" classname="week4.day1.CreateLeadFrameWork"/>
  <testcase name="callDelete" time="57.759" classname="week4.day1.DeleteLeadFrameWork">
    <failure type="java.lang.RuntimeException">
      <![CDATA[java.lang.RuntimeException
at week2.day2.wdMethods.SeMethods.locateElement(SeMethods.java:114)
at week4.day1.DeleteLeadFrameWork.callDelete(DeleteLeadFrameWork.java:45)
... Removed 25 stack frames]]>
    </failure>
  </testcase> <!-- callDelete -->
</testsuite> <!-- Modules1 -->
