<?xml version="1.0" encoding="UTF-8"?>
<!-- Generated by org.testng.reporters.JUnitXMLReporter -->
<testsuite hostname="Vichu-PC" ignored="0" name="Test" tests="3" failures="1" timestamp="27 May 2018 06:01:28 GMT" time="10.682" errors="0">
  <testcase name="doLogin" time="0.0" classname="week4.day2.learngroups.CreateLeadFrameWork">
    <failure type="java.lang.RuntimeException">
      <![CDATA[java.lang.RuntimeException
at week4.day2.learngroups.CreateLeadFrameWork.doLogin(CreateLeadFrameWork.java:11)
... Removed 25 stack frames]]>
    </failure>
  </testcase> <!-- doLogin -->
  <testcase name="call" time="0.0" classname="week4.day2.learngroups.DuplicateLeadFramework">
    <skipped/>
  </testcase> <!-- call -->
  <testcase name="editLead" time="0.0" classname="week4.day2.learngroups.EditLead">
    <skipped/>
  </testcase> <!-- editLead -->
</testsuite> <!-- Test -->
