<?xml version="1.0" encoding="UTF-8"?>
<testng-results skipped="0" failed="0" ignored="0" total="2" passed="2">
  <reporter-output>
  </reporter-output>
  <suite name="Suite" duration-ms="167537" started-at="2018-08-03T07:44:49Z" finished-at="2018-08-03T07:47:36Z">
    <groups>
    </groups>
    <test name="Test" duration-ms="167537" started-at="2018-08-03T07:44:49Z" finished-at="2018-08-03T07:47:36Z">
      <class name="testcases.Tc_001_CreateLeadTestCase">
        <test-method status="PASS" signature="start()[pri:0, instance:testcases.Tc_001_CreateLeadTestCase@5ec0a365]" name="start" is-config="true" duration-ms="673" started-at="2018-08-03T07:44:48Z" finished-at="2018-08-03T07:44:49Z">
          <reporter-output>
          </reporter-output>
        </test-method> <!-- start -->
        <test-method status="PASS" signature="setValues()[pri:0, instance:testcases.Tc_001_CreateLeadTestCase@5ec0a365]" name="setValues" is-config="true" duration-ms="1" started-at="2018-08-03T07:44:49Z" finished-at="2018-08-03T07:44:49Z">
          <reporter-output>
          </reporter-output>
        </test-method> <!-- setValues -->
        <test-method status="PASS" signature="testStart()[pri:0, instance:testcases.Tc_001_CreateLeadTestCase@5ec0a365]" name="testStart" is-config="true" duration-ms="3" started-at="2018-08-03T07:44:49Z" finished-at="2018-08-03T07:44:49Z">
          <reporter-output>
          </reporter-output>
        </test-method> <!-- testStart -->
        <test-method status="PASS" signature="login(java.lang.String, java.lang.String, java.lang.String)[pri:0, instance:testcases.Tc_001_CreateLeadTestCase@5ec0a365]" name="login" is-config="true" duration-ms="105915" started-at="2018-08-03T07:44:50Z" finished-at="2018-08-03T07:46:36Z">
          <params>
            <param index="0">
              <value>
                <![CDATA[http://leaftaps.com/opentaps]]>
              </value>
            </param>
            <param index="1">
              <value>
                <![CDATA[DemoSalesManager]]>
              </value>
            </param>
            <param index="2">
              <value>
                <![CDATA[crmsfa]]>
              </value>
            </param>
          </params>
          <reporter-output>
          </reporter-output>
        </test-method> <!-- login -->
        <test-method status="PASS" signature="createLeadTestCase(java.lang.String, java.lang.String, java.lang.String)[pri:0, instance:testcases.Tc_001_CreateLeadTestCase@5ec0a365]" name="createLeadTestCase" duration-ms="13606" started-at="2018-08-03T07:46:36Z" data-provider="fetchData" finished-at="2018-08-03T07:46:49Z">
          <params>
            <param index="0">
              <value>
                <![CDATA[CTS]]>
              </value>
            </param>
            <param index="1">
              <value>
                <![CDATA[Vishva]]>
              </value>
            </param>
            <param index="2">
              <value>
                <![CDATA[D]]>
              </value>
            </param>
          </params>
          <reporter-output>
          </reporter-output>
        </test-method> <!-- createLeadTestCase -->
        <test-method status="PASS" signature="close()[pri:0, instance:testcases.Tc_001_CreateLeadTestCase@5ec0a365]" name="close" is-config="true" duration-ms="1415" started-at="2018-08-03T07:46:49Z" finished-at="2018-08-03T07:46:51Z">
          <reporter-output>
          </reporter-output>
        </test-method> <!-- close -->
        <test-method status="PASS" signature="login(java.lang.String, java.lang.String, java.lang.String)[pri:0, instance:testcases.Tc_001_CreateLeadTestCase@5ec0a365]" name="login" is-config="true" duration-ms="31775" started-at="2018-08-03T07:46:51Z" finished-at="2018-08-03T07:47:23Z">
          <params>
            <param index="0">
              <value>
                <![CDATA[http://leaftaps.com/opentaps]]>
              </value>
            </param>
            <param index="1">
              <value>
                <![CDATA[DemoSalesManager]]>
              </value>
            </param>
            <param index="2">
              <value>
                <![CDATA[crmsfa]]>
              </value>
            </param>
          </params>
          <reporter-output>
          </reporter-output>
        </test-method> <!-- login -->
        <test-method status="PASS" signature="createLeadTestCase(java.lang.String, java.lang.String, java.lang.String)[pri:0, instance:testcases.Tc_001_CreateLeadTestCase@5ec0a365]" name="createLeadTestCase" duration-ms="12866" started-at="2018-08-03T07:47:23Z" data-provider="fetchData" finished-at="2018-08-03T07:47:35Z">
          <params>
            <param index="0">
              <value>
                <![CDATA[CTS]]>
              </value>
            </param>
            <param index="1">
              <value>
                <![CDATA[Karthick]]>
              </value>
            </param>
            <param index="2">
              <value>
                <![CDATA[P]]>
              </value>
            </param>
          </params>
          <reporter-output>
          </reporter-output>
        </test-method> <!-- createLeadTestCase -->
        <test-method status="PASS" signature="close()[pri:0, instance:testcases.Tc_001_CreateLeadTestCase@5ec0a365]" name="close" is-config="true" duration-ms="917" started-at="2018-08-03T07:47:35Z" finished-at="2018-08-03T07:47:36Z">
          <reporter-output>
          </reporter-output>
        </test-method> <!-- close -->
        <test-method status="PASS" signature="doFlush()[pri:0, instance:testcases.Tc_001_CreateLeadTestCase@5ec0a365]" name="doFlush" is-config="true" duration-ms="90" started-at="2018-08-03T07:47:36Z" finished-at="2018-08-03T07:47:36Z">
          <reporter-output>
          </reporter-output>
        </test-method> <!-- doFlush -->
      </class> <!-- testcases.Tc_001_CreateLeadTestCase -->
    </test> <!-- Test -->
  </suite> <!-- Suite -->
</testng-results>
