<?xml version="1.0" encoding="UTF-8"?>
<!-- Generated by org.testng.reporters.JUnitXMLReporter -->
<testsuite hostname="Vichu-PC" ignored="0" name="Test1" tests="2" failures="2" timestamp="21 Jul 2018 15:34:23 GMT" time="69.629" errors="0">
  <testcase name="mergeTask" time="41.431" classname="leaflead.MergeLead">
    <failure type="java.lang.RuntimeException">
      <![CDATA[java.lang.RuntimeException
at week2.day2.wdMethods.SeMethods.locateElement(SeMethods.java:118)
at leaflead.MergeLead.mergeTask(MergeLead.java:46)
at java.util.concurrent.ThreadPoolExecutor.runWorker(Unknown Source)
at java.util.concurrent.ThreadPoolExecutor$Worker.run(Unknown Source)
at java.lang.Thread.run(Unknown Source)
... Removed 10 stack frames]]>
    </failure>
  </testcase> <!-- mergeTask -->
  <testcase name="callDelete" time="47.145" classname="leaflead.DeleteLeadFrameWork">
    <failure type="java.lang.RuntimeException">
      <![CDATA[java.lang.RuntimeException
at week2.day2.wdMethods.SeMethods.locateElement(SeMethods.java:118)
at leaflead.DeleteLeadFrameWork.callDelete(DeleteLeadFrameWork.java:65)
at java.util.concurrent.ThreadPoolExecutor.runWorker(Unknown Source)
at java.util.concurrent.ThreadPoolExecutor$Worker.run(Unknown Source)
at java.lang.Thread.run(Unknown Source)
... Removed 14 stack frames]]>
    </failure>
  </testcase> <!-- callDelete -->
</testsuite> <!-- Test1 -->
